<?xml version="1.0" encoding="UTF-8" ?>
<testsuites>
  <testsuite errors="0" failures="1" hostname="venu" id="0" name="TestSuite" package="Test.Suite1" tests="4" time="103.063" timestamp="2012-08-26T07:12:54">
      <properties>
[...]
</properties>

      <testcase classname="Test.Suite1.RegistrationTest" name="RegistrationTest[0]" time="27.515" />

      <testcase classname="Test.Suite1.RegistrationTest" name="RegistrationTest[1]" time="18.265" />

      <testcase classname="Test.Suite1.LoginTest" name="TestLogin[0]" time="19.453" />

      <testcase classname="Test.Suite1.LoginTest" name="TestLogin[1]" time="3.875">
          <failure message="Element not found Xpath_login_link" type="junit.framework.AssertionFailedError">junit.framework.AssertionFailedError: Element not found Xpath_login_link
	at Test.AbstractTest.getWebelement(AbstractTest.java:53)
	at Utils.TestUtils.isLogin(TestUtils.java:23)
	at Test.Suite1.LoginTest.TestLogin(LoginTest.java:61)
</failure>

      </testcase>

      <system-out><![CDATA[]]></system-out>

      <system-err><![CDATA[log4j:WARN No appenders could be found for logger (org.apache.http.impl.conn.tsccm.ThreadSafeClientConnManager).
log4j:WARN Please initialize the log4j system properly.
]]></system-err>

  </testsuite>
</testsuites>
